<?xml version="1.0" encoding="UTF-8"?>
<!-- Generated by org.testng.reporters.JUnitReportReporter -->
<testsuite hostname="admins-MacBook-Pro.local" name="com.expedia.tests.FlightPageAdults" tests="1" failures="0" timestamp="19 Jul 2016 11:40:05 GMT" time="20.919" errors="0">
  <testcase name="testName" time="20.919" classname="com.expedia.tests.FlightPageAdults"/>
</testsuite> <!-- com.expedia.tests.FlightPageAdults -->
