<?xml version="1.0" encoding="UTF-8"?>
<!-- Generated by org.testng.reporters.JUnitReportReporter -->
<testsuite hostname="admins-MacBook-Pro.local" name="com.expedia.tests.HomePageTest1" tests="3" failures="0" timestamp="19 Jul 2016 11:36:04 GMT" time="65.675" errors="0">
  <testcase name="testCase1" time="18.211" classname="com.expedia.tests.HomePageTest1"/>
  <testcase name="testCase1" time="31.138" classname="com.expedia.tests.HomePageTest1"/>
  <testcase name="testCase2" time="16.326" classname="com.expedia.tests.HomePageTest1"/>
</testsuite> <!-- com.expedia.tests.HomePageTest1 -->
